\BOOKMARK [0][-]{chapter.1}{Tutorials}{}
\BOOKMARK [1][-]{section.1.1}{Tutorial 1: Snake Part 1}{chapter.1}
\BOOKMARK [1][-]{section.1.2}{Tutorial 2: Snake Part 2}{chapter.1}
\BOOKMARK [0][-]{chapter.2}{Useful Building Blocks}{}
\BOOKMARK [1][-]{section.2.1}{Building Blocks}{chapter.2}
\BOOKMARK [0][-]{chapter.3}{Engine Overview}{}
\BOOKMARK [0][-]{chapter.4}{Engine}{}
\BOOKMARK [1][-]{section.4.1}{Engine}{chapter.4}
\BOOKMARK [1][-]{section.4.2}{EngineStats}{chapter.4}
\BOOKMARK [0][-]{chapter.5}{Worlds}{}
\BOOKMARK [1][-]{section.5.1}{Zones}{chapter.5}
\BOOKMARK [1][-]{section.5.2}{Actors}{chapter.5}
\BOOKMARK [1][-]{section.5.3}{World}{chapter.5}
\BOOKMARK [0][-]{chapter.6}{Renderering}{}
\BOOKMARK [1][-]{section.6.1}{Renderer}{chapter.6}
\BOOKMARK [1][-]{section.6.2}{Layers}{chapter.6}
\BOOKMARK [1][-]{section.6.3}{Cameras}{chapter.6}
\BOOKMARK [0][-]{chapter.7}{Visual}{}
\BOOKMARK [1][-]{section.7.1}{Sprites}{chapter.7}
\BOOKMARK [1][-]{section.7.2}{Fonts}{chapter.7}
\BOOKMARK [1][-]{section.7.3}{Drawing}{chapter.7}
\BOOKMARK [1][-]{section.7.4}{SurfaceDrawing}{chapter.7}
\BOOKMARK [1][-]{section.7.5}{Sprite}{chapter.7}
\BOOKMARK [1][-]{section.7.6}{FontStore}{chapter.7}
\BOOKMARK [1][-]{section.7.7}{Store}{chapter.7}
\BOOKMARK [1][-]{section.7.8}{Text}{chapter.7}
\BOOKMARK [0][-]{chapter.8}{Sound}{}
\BOOKMARK [1][-]{section.8.1}{Sounds}{chapter.8}
\BOOKMARK [1][-]{section.8.2}{Music}{chapter.8}
\BOOKMARK [1][-]{section.8.3}{AudioRegistry}{chapter.8}
\BOOKMARK [1][-]{section.8.4}{SoundItem}{chapter.8}
\BOOKMARK [1][-]{section.8.5}{MusicStore}{chapter.8}
\BOOKMARK [1][-]{section.8.6}{MusicItem}{chapter.8}
\BOOKMARK [0][-]{chapter.9}{Input}{}
\BOOKMARK [1][-]{section.9.1}{Constants}{chapter.9}
\BOOKMARK [1][-]{section.9.2}{Keyboard}{chapter.9}
\BOOKMARK [1][-]{section.9.3}{Mouse}{chapter.9}
\BOOKMARK [0][-]{chapter.10}{Physical}{}
\BOOKMARK [1][-]{section.10.1}{PhysicalConditions}{chapter.10}
\BOOKMARK [1][-]{section.10.2}{PhysicalBody}{chapter.10}
\BOOKMARK [0][-]{chapter.11}{Events}{}
\BOOKMARK [1][-]{section.11.1}{Broadcaster}{chapter.11}
\BOOKMARK [1][-]{section.11.2}{getEventBroadcaster}{chapter.11}
\BOOKMARK [1][-]{section.11.3}{Events}{chapter.11}
\BOOKMARK [0][-]{chapter.12}{Geometry}{}
\BOOKMARK [1][-]{section.12.1}{SpatialObject}{chapter.12}
\BOOKMARK [1][-]{section.12.2}{Rectangle}{chapter.12}
\BOOKMARK [1][-]{section.12.3}{Point}{chapter.12}
\BOOKMARK [1][-]{section.12.4}{SimpleRect}{chapter.12}
\BOOKMARK [1][-]{section.12.5}{Vec2d}{chapter.12}
\BOOKMARK [0][-]{chapter.13}{Common}{}
\BOOKMARK [1][-]{section.13.1}{Loggable}{chapter.13}
\BOOKMARK [1][-]{section.13.2}{getLogger}{chapter.13}
\BOOKMARK [1][-]{section.13.3}{EventAware}{chapter.13}
\BOOKMARK [1][-]{section.13.4}{Serializable}{chapter.13}
\BOOKMARK [1][-]{section.13.5}{GeneralStore}{chapter.13}
\BOOKMARK [0][-]{chapter.14}{Indices and tables}{}
\BOOKMARK [0][-]{section*.774}{Python Module Index}{}
\BOOKMARK [0][-]{section*.775}{Index}{}
